<?xml version="1.0" encoding="UTF-8"?>
<!-- Generated by org.testng.reporters.JUnitReportReporter -->
<testsuite hostname="Lenovo-PC" name="com.Test.LoginTest" tests="1" failures="0" timestamp="27 Apr 2020 08:31:48 GMT" time="0.028" errors="0">
  <testcase name="f" time="0.028" classname="com.Test.LoginTest"/>
</testsuite> <!-- com.Test.LoginTest -->
