<?xml version="1.0" encoding="UTF-8"?>
<!-- Generated by org.testng.reporters.JUnitReportReporter -->
<testsuite skipped="0" hostname="Lenovo-PC" name="Test.LoginPageTest" tests="1" failures="0" timestamp="2020-04-21T20:40:29 IST" time="28.253" errors="0">
  <testcase name="apply" time="28.253" classname="Test.LoginPageTest"/>
  <system-out/>
</testsuite> <!-- Test.LoginPageTest -->
