<?xml version="1.0" encoding="UTF-8"?>
<!-- Generated by org.testng.reporters.JUnitReportReporter -->
<testsuite skipped="0" hostname="Lenovo-PC" name="Test.FirstTest" tests="3" failures="0" timestamp="2020-04-21T20:03:31 IST" time="166.777" errors="0">
  <testcase name="cd" time="110.467" classname="Test.FirstTest"/>
  <system-out/>
  <testcase name="cd" time="31.783" classname="Test.FirstTest"/>
  <system-out/>
  <testcase name="cd" time="24.527" classname="Test.FirstTest"/>
  <system-out/>
</testsuite> <!-- Test.FirstTest -->
