<?xml version="1.0" encoding="UTF-8"?>
<!-- Generated by org.testng.reporters.JUnitReportReporter -->
<testsuite skipped="0" hostname="Lenovo-PC" name="Test.JScript" tests="1" failures="0" timestamp="2020-04-13T20:05:07 IST" time="41.487" errors="0">
  <testcase name="f" time="41.487" classname="Test.JScript"/>
  <system-out/>
</testsuite> <!-- Test.JScript -->
