<?xml version="1.0" encoding="UTF-8"?>
<!-- Generated by org.testng.reporters.JUnitReportReporter -->
<testsuite skipped="0" hostname="Lenovo-PC" name="test.LoginTest" tests="2" failures="0" timestamp="2020-04-27T14:08:13 IST" time="24.070" errors="0">
  <testcase name="login" time="13.015" classname="test.LoginTest"/>
  <system-out/>
  <testcase name="invalidlogin1" time="11.055" classname="test.LoginTest"/>
  <system-out/>
</testsuite> <!-- test.LoginTest -->
