<?xml version="1.0" encoding="UTF-8"?>
<!-- Generated by org.testng.reporters.JUnitReportReporter -->
<testsuite skipped="0" hostname="Lenovo-PC" name="test.HomePageTest" tests="2" failures="0" timestamp="2020-04-27T14:27:52 IST" time="54.310" errors="0">
  <testcase name="checkTitle" time="15.588" classname="test.HomePageTest"/>
  <system-out/>
  <testcase name="verifyManagerID" time="38.722" classname="test.HomePageTest"/>
  <system-out/>
</testsuite> <!-- test.HomePageTest -->
