<?xml version="1.0" encoding="UTF-8"?>
<!-- Generated by org.testng.reporters.JUnitReportReporter -->
<testsuite hostname="Lenovo-PC" name="com.qa.Guru99.Test.LoginTest" tests="1" failures="0" timestamp="27 Apr 2020 08:52:35 GMT" time="45.721" errors="0">
  <testcase name="login" time="45.721" classname="com.qa.Guru99.Test.LoginTest"/>
</testsuite> <!-- com.qa.Guru99.Test.LoginTest -->
