<?xml version="1.0" encoding="UTF-8"?>
<!-- Generated by org.testng.reporters.JUnitReportReporter -->
<testsuite skipped="0" hostname="Lenovo-PC" name="Test.FirstTest" tests="1" failures="0" timestamp="2020-04-21T20:01:42 IST" time="12.544" errors="0">
  <testcase name="f" time="12.544" classname="Test.FirstTest"/>
  <system-out/>
</testsuite> <!-- Test.FirstTest -->
